<?xml version="1.0" encoding="UTF-8"?>
<testng-results skipped="0" failed="0" ignored="0" total="1" passed="1">
  <reporter-output>
  </reporter-output>
  <suite name="Default suite" duration-ms="8309" started-at="2019-06-15T20:49:53Z" finished-at="2019-06-15T20:50:01Z">
    <groups>
    </groups>
    <test name="Default test" duration-ms="8309" started-at="2019-06-15T20:49:53Z" finished-at="2019-06-15T20:50:01Z">
      <class name="com.qa.rest.tests.PutAPICall">
        <test-method status="PASS" signature="postTest()[pri:0, instance:com.qa.rest.tests.PutAPICall@457e2f02]" name="postTest" duration-ms="8229" started-at="2019-06-15T20:49:53Z" finished-at="2019-06-15T20:50:01Z">
          <reporter-output>
          </reporter-output>
        </test-method> <!-- postTest -->
      </class> <!-- com.qa.rest.tests.PutAPICall -->
    </test> <!-- Default test -->
  </suite> <!-- Default suite -->
</testng-results>
